<?xml version="1.0" encoding="UTF-8"?>
<testsuite name="TamagotchiTest" tests="6" skipped="0" failures="0" errors="0" timestamp="2016-02-16T22:46:38" hostname="epicodus-47.local" time="0.002">
  <properties/>
  <testcase name="tamagotchi_instantiatesCorrectly" classname="TamagotchiTest" time="0.001"/>
  <testcase name="tamagotchi_returnsStatusBasedOnLevels" classname="TamagotchiTest" time="0.0"/>
  <testcase name="tamagotchi_hasFullSleepLevelsAfterSleepMethod" classname="TamagotchiTest" time="0.0"/>
  <testcase name="tamagotchi_getsHappyAfterPlaying" classname="TamagotchiTest" time="0.0"/>
  <testcase name="tamagotchi_isAliveIfFoodLevelIsGreaterThan0" classname="TamagotchiTest" time="0.0"/>
  <testcase name="tamagotchi_hungerAndHappinessGoesUpIfFed" classname="TamagotchiTest" time="0.0"/>
  <system-out><![CDATA[]]></system-out>
  <system-err><![CDATA[]]></system-err>
</testsuite>
